<?xml version="1.0" encoding="UTF-8"?>
<testsuite errors="0" failures="2" hostname="redapple.home" name="org.jnorthr.menus.TestMenuFile" tests="5" time="0.72" timestamp="2013-04-21T22:28:11">
  <properties />
  <testcase classname="org.jnorthr.menus.TestMenuFile" name="test1" time="0.214" />
  <testcase classname="org.jnorthr.menus.TestMenuFile" name="test2" time="0.126" />
  <testcase classname="org.jnorthr.menus.TestMenuFile" name="test3" time="0.0050" />
  <testcase classname="org.jnorthr.menus.TestMenuFile" name="test4" time="0.0060">
    <failure message="java.lang.AssertionError: &#xa;Expected: is &quot;/Volumes/Media1/Software/menus/jim.txt&quot;&#xa;     but: was &quot;/Volumes/PENDRIVE/mouseless-menus/jim.txt&quot;" type="java.lang.AssertionError">java.lang.AssertionError: 
Expected: is &quot;/Volumes/Media1/Software/menus/jim.txt&quot;
     but: was &quot;/Volumes/PENDRIVE/mouseless-menus/jim.txt&quot;
	at org.hamcrest.MatcherAssert.assertThat(MatcherAssert.java:20)
	at org.junit.Assert.assertThat(Assert.java:865)
	at org.junit.Assert.assertThat(Assert.java:832)
	at org.junit.Assert$assertThat.callStatic(Unknown Source)
	at org.codehaus.groovy.runtime.callsite.CallSiteArray.defaultCallStatic(CallSiteArray.java:50)
	at org.codehaus.groovy.runtime.callsite.AbstractCallSite.callStatic(AbstractCallSite.java:157)
	at org.codehaus.groovy.runtime.callsite.AbstractCallSite.callStatic(AbstractCallSite.java:169)
	at org.jnorthr.menus.TestMenuFile.test4(TestMenuFile.groovy:73)
	at sun.reflect.NativeMethodAccessorImpl.invoke0(Native Method)
	at sun.reflect.NativeMethodAccessorImpl.invoke(NativeMethodAccessorImpl.java:39)
	at sun.reflect.DelegatingMethodAccessorImpl.invoke(DelegatingMethodAccessorImpl.java:25)
	at java.lang.reflect.Method.invoke(Method.java:597)
	at org.junit.runners.model.FrameworkMethod$1.runReflectiveCall(FrameworkMethod.java:47)
	at org.junit.internal.runners.model.ReflectiveCallable.run(ReflectiveCallable.java:12)
	at org.junit.runners.model.FrameworkMethod.invokeExplosively(FrameworkMethod.java:44)
	at org.junit.internal.runners.statements.InvokeMethod.evaluate(InvokeMethod.java:17)
	at org.junit.internal.runners.statements.RunBefores.evaluate(RunBefores.java:26)
	at org.junit.runners.ParentRunner.runLeaf(ParentRunner.java:271)
	at org.junit.runners.BlockJUnit4ClassRunner.runChild(BlockJUnit4ClassRunner.java:70)
	at org.junit.runners.BlockJUnit4ClassRunner.runChild(BlockJUnit4ClassRunner.java:50)
	at org.junit.runners.ParentRunner$3.run(ParentRunner.java:238)
	at org.junit.runners.ParentRunner$1.schedule(ParentRunner.java:63)
	at org.junit.runners.ParentRunner.runChildren(ParentRunner.java:236)
	at org.junit.runners.ParentRunner.access$000(ParentRunner.java:53)
	at org.junit.runners.ParentRunner$2.evaluate(ParentRunner.java:229)
	at org.junit.runners.ParentRunner.run(ParentRunner.java:309)
	at org.gradle.api.internal.tasks.testing.junit.JUnitTestClassExecuter.runTestClass(JUnitTestClassExecuter.java:55)
	at org.gradle.api.internal.tasks.testing.junit.JUnitTestClassExecuter.execute(JUnitTestClassExecuter.java:42)
	at org.gradle.api.internal.tasks.testing.junit.JUnitTestClassProcessor.processTestClass(JUnitTestClassProcessor.java:75)
	at org.gradle.api.internal.tasks.testing.SuiteTestClassProcessor.processTestClass(SuiteTestClassProcessor.java:49)
	at sun.reflect.NativeMethodAccessorImpl.invoke0(Native Method)
	at sun.reflect.NativeMethodAccessorImpl.invoke(NativeMethodAccessorImpl.java:39)
	at sun.reflect.DelegatingMethodAccessorImpl.invoke(DelegatingMethodAccessorImpl.java:25)
	at java.lang.reflect.Method.invoke(Method.java:597)
	at org.gradle.messaging.dispatch.ReflectionDispatch.dispatch(ReflectionDispatch.java:35)
	at org.gradle.messaging.dispatch.ReflectionDispatch.dispatch(ReflectionDispatch.java:24)
	at org.gradle.messaging.dispatch.ContextClassLoaderDispatch.dispatch(ContextClassLoaderDispatch.java:32)
	at org.gradle.messaging.dispatch.ProxyDispatchAdapter$DispatchingInvocationHandler.invoke(ProxyDispatchAdapter.java:93)
	at com.sun.proxy.$Proxy2.processTestClass(Unknown Source)
	at org.gradle.api.internal.tasks.testing.worker.TestWorker.processTestClass(TestWorker.java:103)
	at sun.reflect.NativeMethodAccessorImpl.invoke0(Native Method)
	at sun.reflect.NativeMethodAccessorImpl.invoke(NativeMethodAccessorImpl.java:39)
	at sun.reflect.DelegatingMethodAccessorImpl.invoke(DelegatingMethodAccessorImpl.java:25)
	at java.lang.reflect.Method.invoke(Method.java:597)
	at org.gradle.messaging.dispatch.ReflectionDispatch.dispatch(ReflectionDispatch.java:35)
	at org.gradle.messaging.dispatch.ReflectionDispatch.dispatch(ReflectionDispatch.java:24)
	at org.gradle.messaging.remote.internal.TypeCastDispatch.dispatch(TypeCastDispatch.java:30)
	at org.gradle.messaging.remote.internal.WorkerProtocol.handleIncoming(WorkerProtocol.java:53)
	at org.gradle.messaging.remote.internal.WorkerProtocol.handleIncoming(WorkerProtocol.java:31)
	at org.gradle.messaging.remote.internal.ProtocolStack$ProtocolStage.handleIncoming(ProtocolStack.java:167)
	at org.gradle.messaging.remote.internal.ProtocolStack$BottomStage.handleIncoming(ProtocolStack.java:277)
	at org.gradle.messaging.remote.internal.ProtocolStack$BottomConnection$1.run(ProtocolStack.java:299)
	at org.gradle.messaging.remote.internal.ProtocolStack$ExecuteRunnable.dispatch(ProtocolStack.java:120)
	at org.gradle.messaging.remote.internal.ProtocolStack$ExecuteRunnable.dispatch(ProtocolStack.java:116)
	at org.gradle.messaging.dispatch.AsyncDispatch.dispatchMessages(AsyncDispatch.java:132)
	at org.gradle.messaging.dispatch.AsyncDispatch.access$000(AsyncDispatch.java:33)
	at org.gradle.messaging.dispatch.AsyncDispatch$1.run(AsyncDispatch.java:72)
	at org.gradle.internal.concurrent.DefaultExecutorFactory$StoppableExecutorImpl$1.run(DefaultExecutorFactory.java:66)
	at java.util.concurrent.ThreadPoolExecutor$Worker.runTask(ThreadPoolExecutor.java:895)
	at java.util.concurrent.ThreadPoolExecutor$Worker.run(ThreadPoolExecutor.java:918)
	at java.lang.Thread.run(Thread.java:680)
</failure>
  </testcase>
  <testcase classname="org.jnorthr.menus.TestMenuFile" name="test5" time="0.0030">
    <failure message="java.lang.AssertionError: &#xa;Expected: is &quot;/Volumes/Media1/Software/menus/jim.txt&quot;&#xa;     but: was &quot;/Volumes/PENDRIVE/mouseless-menus/jim.txt&quot;" type="java.lang.AssertionError">java.lang.AssertionError: 
Expected: is &quot;/Volumes/Media1/Software/menus/jim.txt&quot;
     but: was &quot;/Volumes/PENDRIVE/mouseless-menus/jim.txt&quot;
	at org.hamcrest.MatcherAssert.assertThat(MatcherAssert.java:20)
	at org.junit.Assert.assertThat(Assert.java:865)
	at org.junit.Assert.assertThat(Assert.java:832)
	at org.junit.Assert$assertThat.callStatic(Unknown Source)
	at org.codehaus.groovy.runtime.callsite.CallSiteArray.defaultCallStatic(CallSiteArray.java:50)
	at org.codehaus.groovy.runtime.callsite.AbstractCallSite.callStatic(AbstractCallSite.java:157)
	at org.codehaus.groovy.runtime.callsite.AbstractCallSite.callStatic(AbstractCallSite.java:169)
	at org.jnorthr.menus.TestMenuFile.test5(TestMenuFile.groovy:83)
	at sun.reflect.NativeMethodAccessorImpl.invoke0(Native Method)
	at sun.reflect.NativeMethodAccessorImpl.invoke(NativeMethodAccessorImpl.java:39)
	at sun.reflect.DelegatingMethodAccessorImpl.invoke(DelegatingMethodAccessorImpl.java:25)
	at java.lang.reflect.Method.invoke(Method.java:597)
	at org.junit.runners.model.FrameworkMethod$1.runReflectiveCall(FrameworkMethod.java:47)
	at org.junit.internal.runners.model.ReflectiveCallable.run(ReflectiveCallable.java:12)
	at org.junit.runners.model.FrameworkMethod.invokeExplosively(FrameworkMethod.java:44)
	at org.junit.internal.runners.statements.InvokeMethod.evaluate(InvokeMethod.java:17)
	at org.junit.internal.runners.statements.RunBefores.evaluate(RunBefores.java:26)
	at org.junit.runners.ParentRunner.runLeaf(ParentRunner.java:271)
	at org.junit.runners.BlockJUnit4ClassRunner.runChild(BlockJUnit4ClassRunner.java:70)
	at org.junit.runners.BlockJUnit4ClassRunner.runChild(BlockJUnit4ClassRunner.java:50)
	at org.junit.runners.ParentRunner$3.run(ParentRunner.java:238)
	at org.junit.runners.ParentRunner$1.schedule(ParentRunner.java:63)
	at org.junit.runners.ParentRunner.runChildren(ParentRunner.java:236)
	at org.junit.runners.ParentRunner.access$000(ParentRunner.java:53)
	at org.junit.runners.ParentRunner$2.evaluate(ParentRunner.java:229)
	at org.junit.runners.ParentRunner.run(ParentRunner.java:309)
	at org.gradle.api.internal.tasks.testing.junit.JUnitTestClassExecuter.runTestClass(JUnitTestClassExecuter.java:55)
	at org.gradle.api.internal.tasks.testing.junit.JUnitTestClassExecuter.execute(JUnitTestClassExecuter.java:42)
	at org.gradle.api.internal.tasks.testing.junit.JUnitTestClassProcessor.processTestClass(JUnitTestClassProcessor.java:75)
	at org.gradle.api.internal.tasks.testing.SuiteTestClassProcessor.processTestClass(SuiteTestClassProcessor.java:49)
	at sun.reflect.NativeMethodAccessorImpl.invoke0(Native Method)
	at sun.reflect.NativeMethodAccessorImpl.invoke(NativeMethodAccessorImpl.java:39)
	at sun.reflect.DelegatingMethodAccessorImpl.invoke(DelegatingMethodAccessorImpl.java:25)
	at java.lang.reflect.Method.invoke(Method.java:597)
	at org.gradle.messaging.dispatch.ReflectionDispatch.dispatch(ReflectionDispatch.java:35)
	at org.gradle.messaging.dispatch.ReflectionDispatch.dispatch(ReflectionDispatch.java:24)
	at org.gradle.messaging.dispatch.ContextClassLoaderDispatch.dispatch(ContextClassLoaderDispatch.java:32)
	at org.gradle.messaging.dispatch.ProxyDispatchAdapter$DispatchingInvocationHandler.invoke(ProxyDispatchAdapter.java:93)
	at com.sun.proxy.$Proxy2.processTestClass(Unknown Source)
	at org.gradle.api.internal.tasks.testing.worker.TestWorker.processTestClass(TestWorker.java:103)
	at sun.reflect.NativeMethodAccessorImpl.invoke0(Native Method)
	at sun.reflect.NativeMethodAccessorImpl.invoke(NativeMethodAccessorImpl.java:39)
	at sun.reflect.DelegatingMethodAccessorImpl.invoke(DelegatingMethodAccessorImpl.java:25)
	at java.lang.reflect.Method.invoke(Method.java:597)
	at org.gradle.messaging.dispatch.ReflectionDispatch.dispatch(ReflectionDispatch.java:35)
	at org.gradle.messaging.dispatch.ReflectionDispatch.dispatch(ReflectionDispatch.java:24)
	at org.gradle.messaging.remote.internal.TypeCastDispatch.dispatch(TypeCastDispatch.java:30)
	at org.gradle.messaging.remote.internal.WorkerProtocol.handleIncoming(WorkerProtocol.java:53)
	at org.gradle.messaging.remote.internal.WorkerProtocol.handleIncoming(WorkerProtocol.java:31)
	at org.gradle.messaging.remote.internal.ProtocolStack$ProtocolStage.handleIncoming(ProtocolStack.java:167)
	at org.gradle.messaging.remote.internal.ProtocolStack$BottomStage.handleIncoming(ProtocolStack.java:277)
	at org.gradle.messaging.remote.internal.ProtocolStack$BottomConnection$1.run(ProtocolStack.java:299)
	at org.gradle.messaging.remote.internal.ProtocolStack$ExecuteRunnable.dispatch(ProtocolStack.java:120)
	at org.gradle.messaging.remote.internal.ProtocolStack$ExecuteRunnable.dispatch(ProtocolStack.java:116)
	at org.gradle.messaging.dispatch.AsyncDispatch.dispatchMessages(AsyncDispatch.java:132)
	at org.gradle.messaging.dispatch.AsyncDispatch.access$000(AsyncDispatch.java:33)
	at org.gradle.messaging.dispatch.AsyncDispatch$1.run(AsyncDispatch.java:72)
	at org.gradle.internal.concurrent.DefaultExecutorFactory$StoppableExecutorImpl$1.run(DefaultExecutorFactory.java:66)
	at java.util.concurrent.ThreadPoolExecutor$Worker.runTask(ThreadPoolExecutor.java:895)
	at java.util.concurrent.ThreadPoolExecutor$Worker.run(ThreadPoolExecutor.java:918)
	at java.lang.Thread.run(Thread.java:680)
</failure>
  </testcase>
  <system-out><![CDATA[file jim.txt exists
file jim.txt exists
file jim.txt exists
file ./jim.txt exists
]]></system-out>
  <system-err><![CDATA[]]></system-err>
</testsuite>
